<?xml version="1.0" encoding="UTF-8"?>
<!-- Generated by org.testng.reporters.JUnitReportReporter -->
<testsuite hostname="LAPTOP-DKDIBLMT" failures="0" tests="2" name="com.crm.qa.testcases.CalenderspageTest" time="267.568" errors="0" timestamp="19 Apr 2018 18:20:21 GMT">
  <testcase classname="com.crm.qa.testcases.CalenderspageTest" name="selectMonthYearDate" time="236.872"/>
  <testcase classname="com.crm.qa.testcases.CalenderspageTest" name="verifyCalenderLabelTest" time="30.696"/>
</testsuite> <!-- com.crm.qa.testcases.CalenderspageTest -->
